[debug] [2026-06-11T21:07:33.099Z] ----------------------------------------------------------------------
[debug] [2026-06-11T21:07:33.110Z] Command:       C:\Program Files\nodejs\node.exe C:\Users\Gilbert\AppData\Roaming\npm\node_modules\firebase-tools\lib\bin\firebase.js --token !  Authenticating with a `login:ci` token is deprecated and will be removed in a future major version of `firebase-tools`. Instead, use a service account key with `GOOGLE_APPLICATION_CREDENTIALS`: https://cloud.google.com/docs/authentication/getting-started

To sign in to the Firebase CLI:

1. Take note of your session ID:

   F6276

2. Visit the URL below on any device and follow the instructions to get your code:

   https://auth.firebase.tools/login?code_challenge=XfHCpUNPq_aD4Naw8h0aql5IWwyhioXIzVjIbx7NeQ4&session=f6276ca7-2970-4c7a-aea7-e762658a537f&attest=vib7tp971A9n3K18uKbE9_9nX_n-HsZ38ZFi840ewQ0

3. Paste or enter the authorization code below once you have it:

? Enter authorization code:
[debug] [2026-06-11T21:07:33.110Z] CLI Version:   15.20.0
[debug] [2026-06-11T21:07:33.110Z] Platform:      win32
[debug] [2026-06-11T21:07:33.110Z] Node Version:  v24.12.0
[debug] [2026-06-11T21:07:33.110Z] Time:          Fri Jun 12 2026 05:07:33 GMT+0800 (香港標準時間)
[debug] [2026-06-11T21:07:33.111Z] ----------------------------------------------------------------------
[debug] 
[debug] [2026-06-11T21:07:33.114Z] TypeError: Cannot read properties of undefined (reading '0')
    at Command.<anonymous> (C:\Users\Gilbert\AppData\Roaming\npm\node_modules\firebase-tools\lib\index.js:78:21)
    at Command.listener [as _actionHandler] (C:\Users\Gilbert\AppData\Roaming\npm\node_modules\firebase-tools\node_modules\commander\index.js:413:31)
    at Command._parseCommand (C:\Users\Gilbert\AppData\Roaming\npm\node_modules\firebase-tools\node_modules\commander\index.js:914:14)
    at Command.parse (C:\Users\Gilbert\AppData\Roaming\npm\node_modules\firebase-tools\node_modules\commander\index.js:717:10)
    at cli (C:\Users\Gilbert\AppData\Roaming\npm\node_modules\firebase-tools\lib\bin\cli.js:123:26)
    at Object.<anonymous> (C:\Users\Gilbert\AppData\Roaming\npm\node_modules\firebase-tools\lib\bin\firebase.js:27:5)
    at Module._compile (node:internal/modules/cjs/loader:1761:14)
    at Object..js (node:internal/modules/cjs/loader:1893:10)
    at Module.load (node:internal/modules/cjs/loader:1481:32)
    at Module._load (node:internal/modules/cjs/loader:1300:12)
[error] 
[error] Error: An unexpected error has occurred.
